current directory: /Users/dndud0811/RubymineProjects/minitweet/path/ruby/2.6.0/gems/puma-4.3.0/ext/puma_http11
/Users/dndud0811/.rbenv/versions/2.6.5/bin/ruby -I /Users/dndud0811/.rbenv/versions/2.6.5/lib/ruby/2.6.0 -r ./siteconf20191112-8140-t8km1y.rb extconf.rb
checking for BIO_read() in -lcrypto... yes
checking for SSL_CTX_new() in -lssl... yes
checking for openssl/bio.h... yes
checking for DTLS_method() in openssl/ssl.h... yes
checking for TLS_server_method() in openssl/ssl.h... yes
checking for SSL_CTX_set_min_proto_version in openssl/ssl.h... yes
creating Makefile

current directory: /Users/dndud0811/RubymineProjects/minitweet/path/ruby/2.6.0/gems/puma-4.3.0/ext/puma_http11
make "DESTDIR=" clean

current directory: /Users/dndud0811/RubymineProjects/minitweet/path/ruby/2.6.0/gems/puma-4.3.0/ext/puma_http11
make "DESTDIR="
compiling http11_parser.c
compiling io_buffer.c
compiling mini_ssl.c
compiling puma_http11.c
puma_http11.c:203:22: warning: implicitly declaring library function 'isspace' with type 'int (int)' [-Wimplicit-function-declaration]
  while (vlen > 0 && isspace(value[vlen - 1])) vlen--;
                     ^
puma_http11.c:203:22: note: include the header <ctype.h> or explicitly provide a declaration for 'isspace'
1 warning generated.
linking shared-object puma/puma_http11.bundle

current directory: /Users/dndud0811/RubymineProjects/minitweet/path/ruby/2.6.0/gems/puma-4.3.0/ext/puma_http11
make "DESTDIR=" install
/usr/bin/install -c -m 0755 puma_http11.bundle ./.gem.20191112-8140-1wl9ehz/puma
